<?xml version="1.0" encoding="UTF-8"?>
<testsuite xmlns:xsi="http://www.w3.org/2001/XMLSchema-instance" xsi:noNamespaceSchemaLocation="https://maven.apache.org/surefire/maven-surefire-plugin/xsd/surefire-test-report.xsd" name="PersonalAreaTest" time="9.457" tests="4" errors="0" skipped="0" failures="0">
  <properties>
[...]
</properties>
  <testcase name="goToPersonalAccountThroughButton" classname="PersonalAreaTest" time="3.267"/>
  <testcase name="logoutThoughButtonInPersonalArea" classname="PersonalAreaTest" time="2.244"/>
  <testcase name="FromPersonalAccountThroughLogoStellarBurgers" classname="PersonalAreaTest" time="1.987"/>
  <testcase name="FromPersonalAccountThroughButtonConstructor" classname="PersonalAreaTest" time="1.959"/>
</testsuite>